#
# There is insufficient memory for the Java Runtime Environment to continue.
# Native memory allocation (malloc) failed to allocate 32744 bytes for ChunkPool::allocate
# Possible reasons:
#   The system is out of physical RAM or swap space
#   The process is running with CompressedOops enabled, and the Java Heap may be blocking the growth of the native heap
# Possible solutions:
#   Reduce memory load on the system
#   Increase physical memory or swap space
#   Check if swap backing store is full
#   Decrease Java heap size (-Xmx/-Xms)
#   Decrease number of Java threads
#   Decrease Java thread stack sizes (-Xss)
#   Set larger code cache with -XX:ReservedCodeCacheSize=
#   JVM is running with Unscaled Compressed Oops mode in which the Java heap is
#     placed in the first 4GB address space. The Java Heap base address is the
#     maximum limit for the native heap growth. Please use -XX:HeapBaseMinAddress
#     to set the Java Heap base and to place the Java Heap above 4GB virtual address.
# This output file may be truncated or incomplete.
#
#  Out of Memory Error (allocation.cpp:273), pid=7184, tid=0x0000000000001ee8
#
# JRE version: Java(TM) SE Runtime Environment (8.0_201-b09) (build 1.8.0_201-b09)
# Java VM: Java HotSpot(TM) 64-Bit Server VM (25.201-b09 mixed mode windows-amd64 compressed oops)
# Failed to write core dump. Minidumps are not enabled by default on client versions of Windows
#

---------------  T H R E A D  ---------------

Current thread (0x0000000013ef9800):  JavaThread "C1 CompilerThread2" daemon [_thread_in_native, id=7912, stack(0x0000000014f00000,0x0000000015000000)]

Stack: [0x0000000014f00000,0x0000000015000000]
[error occurred during error reporting (printing stack bounds), id 0xc0000005]

Native frames: (J=compiled Java code, j=interpreted, Vv=VM code, C=native code)


Current CompileTask:
C1:   6268  129       3       sun.nio.cs.UTF_8$Decoder::decode (779 bytes)


---------------  P R O C E S S  ---------------

Java Threads: ( => current thread )
  0x0000000013efb800 JavaThread "Service Thread" daemon [_thread_blocked, id=5168, stack(0x0000000015e10000,0x0000000015f10000)]
=>0x0000000013ef9800 JavaThread "C1 CompilerThread2" daemon [_thread_in_native, id=7912, stack(0x0000000014f00000,0x0000000015000000)]
  0x0000000013ef8800 JavaThread "C2 CompilerThread1" daemon [_thread_blocked, id=8020, stack(0x0000000015a70000,0x0000000015b70000)]
  0x0000000013ef2800 JavaThread "C2 CompilerThread0" daemon [_thread_blocked, id=7952, stack(0x0000000015b70000,0x0000000015c70000)]
  0x00000000153dc000 JavaThread "Attach Listener" daemon [_thread_blocked, id=7968, stack(0x0000000015820000,0x0000000015920000)]
  0x00000000153db000 JavaThread "Signal Dispatcher" daemon [_thread_blocked, id=5312, stack(0x0000000015960000,0x0000000015a60000)]
  0x0000000013eda800 JavaThread "Finalizer" daemon [_thread_blocked, id=7812, stack(0x0000000015150000,0x0000000015250000)]
  0x0000000013ed3800 JavaThread "Reference Handler" daemon [_thread_blocked, id=8112, stack(0x00000000152d0000,0x00000000153d0000)]
  0x0000000001f3f000 JavaThread "main" [_thread_in_native, id=5716, stack(0x0000000002760000,0x0000000002860000)]

Other Threads:
  0x0000000013e8c000 VMThread [stack: 0x0000000015020000,0x0000000015120000] [id=5348]
  0x0000000015442000 WatcherThread [stack: 0x0000000015cf0000,0x0000000015df0000] [id=6204]

VM state:not at safepoint (normal execution)

VM Mutex/Monitor currently owned by a thread: None

heap address: 0x00000000e1e00000, size: 482 MB, Compressed Oops mode: 32-bit
Narrow klass base: 0x0000000000000000, Narrow klass shift: 0
Compressed class space size: 1073741824 Address: 0x000000007fff0000

Heap:
 PSYoungGen      total 2048K, used 1423K [0x00000000f5f80000, 0x00000000f6380000, 0x0000000100000000)
  eden space 1536K, 59% used [0x00000000f5f80000,0x00000000f6064148,0x00000000f6100000)
  from space 512K, 99% used [0x00000000f6100000,0x00000000f617fc30,0x00000000f6180000)
  to   space 512K, 0% used [0x00000000f6300000,0x00000000f6300000,0x00000000f6380000)
 ParOldGen       total 5632K, used 0K [0x00000000e1e00000, 0x00000000e2380000, 0x00000000f5f80000)
  object space 5632K, 0% used [0x00000000e1e00000,0x00000000e1e00000,0x00000000e2380000)
 Metaspace       used 3729K, capacity 5164K, committed 5376K, reserved 1056768K
  class space    used 438K, capacity 488K, committed 512K, reserved 1048576K

Card table byte_map: [0x00000000025b0000,0x00000000026b0000] byte_map_base: 0x0000000001ea1000

Marking Bits: (ParMarkBitMap*) 0x000000006e424ce0
 Begin Bits: [0x00000000124f0000, 0x0000000012c78000)
 End Bits:   [0x0000000012c78000, 0x0000000013400000)

Polling page: 0x0000000000340000

CodeCache: size=245760Kb used=1319Kb max_used=1327Kb free=244440Kb
 bounds [0x0000000002b30000, 0x0000000002da0000, 0x0000000011b30000]
 total_blobs=367 nmethods=128 adapters=153
 compilation: enabled

Compilation events (10 events):
Event: 5.179 Thread 0x0000000013ef9800 nmethod 122 0x0000000002c78310 code [0x0000000002c78480, 0x0000000002c78770]
Event: 5.179 Thread 0x0000000013ef9800  121   !   3       java.util.zip.ZipFile$ZipFileInputStream::close (110 bytes)
Event: 5.181 Thread 0x0000000013ef9800 nmethod 121 0x0000000002c788d0 code [0x0000000002c78a80, 0x0000000002c79278]
Event: 5.843 Thread 0x0000000013ef9800  125       3       java.lang.String::indexOf (25 bytes)
Event: 5.843 Thread 0x0000000013ef9800 nmethod 125 0x0000000002c79610 code [0x0000000002c79780, 0x0000000002c79928]
Event: 5.844 Thread 0x0000000013ef2800  126       4       java.util.concurrent.ConcurrentHashMap::setTabAt (19 bytes)
Event: 5.846 Thread 0x0000000013ef2800 nmethod 126 0x0000000002c6f290 code [0x0000000002c6f3c0, 0x0000000002c6f438]
Event: 5.847 Thread 0x0000000013ef9800  128   !   3       java.lang.ref.ReferenceQueue::poll (28 bytes)
Event: 5.847 Thread 0x0000000013ef9800 nmethod 128 0x0000000002c7bd10 code [0x0000000002c7be80, 0x0000000002c7c1e8]
Event: 5.858 Thread 0x0000000013ef9800  129       3       sun.nio.cs.UTF_8$Decoder::decode (779 bytes)

GC Heap History (2 events):
Event: 0.997 GC heap before
{Heap before GC invocations=1 (full 0):
 PSYoungGen      total 2048K, used 1520K [0x00000000f5f80000, 0x00000000f6200000, 0x0000000100000000)
  eden space 1536K, 98% used [0x00000000f5f80000,0x00000000f60fc0d0,0x00000000f6100000)
  from space 512K, 0% used [0x00000000f6180000,0x00000000f6180000,0x00000000f6200000)
  to   space 512K, 0% used [0x00000000f6100000,0x00000000f6100000,0x00000000f6180000)
 ParOldGen       total 5632K, used 0K [0x00000000e1e00000, 0x00000000e2380000, 0x00000000f5f80000)
  object space 5632K, 0% used [0x00000000e1e00000,0x00000000e1e00000,0x00000000e2380000)
 Metaspace       used 3233K, capacity 4812K, committed 5120K, reserved 1056768K
  class space    used 375K, capacity 456K, committed 512K, reserved 1048576K
Event: 1.372 GC heap after
Heap after GC invocations=1 (full 0):
 PSYoungGen      total 2048K, used 511K [0x00000000f5f80000, 0x00000000f6380000, 0x0000000100000000)
  eden space 1536K, 0% used [0x00000000f5f80000,0x00000000f5f80000,0x00000000f6100000)
  from space 512K, 99% used [0x00000000f6100000,0x00000000f617fc30,0x00000000f6180000)
  to   space 512K, 0% used [0x00000000f6300000,0x00000000f6300000,0x00000000f6380000)
 ParOldGen       total 5632K, used 0K [0x00000000e1e00000, 0x00000000e2380000, 0x00000000f5f80000)
  object space 5632K, 0% used [0x00000000e1e00000,0x00000000e1e00000,0x00000000e2380000)
 Metaspace       used 3233K, capacity 4812K, committed 5120K, reserved 1056768K
  class space    used 375K, capacity 456K, committed 512K, reserved 1048576K
}

Deoptimization events (0 events):
No events

Classes redefined (0 events):
No events

Internal exceptions (8 events):
Event: 0.179 Thread 0x0000000001f3f000 Exception <a 'java/lang/NoSuchMethodError': Method sun.misc.Unsafe.defineClass(Ljava/lang/String;[BII)Ljava/lang/Class; name or signature does not match> (0x00000000f5f87cd8) thrown at [C:\re\workspace\8-2-build-windows-amd64-cygwin\jdk8u201\12322\hotspot
Event: 0.179 Thread 0x0000000001f3f000 Exception <a 'java/lang/NoSuchMethodError': Method sun.misc.Unsafe.prefetchRead(Ljava/lang/Object;J)V name or signature does not match> (0x00000000f5f87fc0) thrown at [C:\re\workspace\8-2-build-windows-amd64-cygwin\jdk8u201\12322\hotspot\src\share\vm\prim
Event: 0.990 Thread 0x0000000001f3f000 Exception <a 'java/security/PrivilegedActionException'> (0x00000000f60e6350) thrown at [C:\re\workspace\8-2-build-windows-amd64-cygwin\jdk8u201\12322\hotspot\src\share\vm\prims\jvm.cpp, line 1502]
Event: 0.990 Thread 0x0000000001f3f000 Exception <a 'java/security/PrivilegedActionException'> (0x00000000f60e6748) thrown at [C:\re\workspace\8-2-build-windows-amd64-cygwin\jdk8u201\12322\hotspot\src\share\vm\prims\jvm.cpp, line 1502]
Event: 0.991 Thread 0x0000000001f3f000 Exception <a 'java/security/PrivilegedActionException'> (0x00000000f60ea840) thrown at [C:\re\workspace\8-2-build-windows-amd64-cygwin\jdk8u201\12322\hotspot\src\share\vm\prims\jvm.cpp, line 1502]
Event: 0.991 Thread 0x0000000001f3f000 Exception <a 'java/security/PrivilegedActionException'> (0x00000000f60eac38) thrown at [C:\re\workspace\8-2-build-windows-amd64-cygwin\jdk8u201\12322\hotspot\src\share\vm\prims\jvm.cpp, line 1502]
Event: 1.595 Thread 0x0000000001f3f000 Exception <a 'java/security/PrivilegedActionException'> (0x00000000f5f931f0) thrown at [C:\re\workspace\8-2-build-windows-amd64-cygwin\jdk8u201\12322\hotspot\src\share\vm\prims\jvm.cpp, line 1502]
Event: 1.595 Thread 0x0000000001f3f000 Exception <a 'java/security/PrivilegedActionException'> (0x00000000f5f935e8) thrown at [C:\re\workspace\8-2-build-windows-amd64-cygwin\jdk8u201\12322\hotspot\src\share\vm\prims\jvm.cpp, line 1502]

Events (10 events):
Event: 5.856 loading class com/sun/source/util/TreePathScanner
Event: 5.856 loading class com/sun/source/util/TreePathScanner done
Event: 5.856 loading class com/sun/source/util/TreeScanner
Event: 5.856 loading class com/sun/source/util/TreeScanner done
Event: 5.857 loading class com/sun/source/tree/TreeVisitor
Event: 5.857 loading class com/sun/source/tree/TreeVisitor done
Event: 5.859 loading class com/sun/tools/doclint/DocLint$1
Event: 5.859 loading class com/sun/tools/doclint/DocLint$1 done
Event: 5.860 loading class com/sun/tools/doclint/DocLint$2
Event: 5.860 loading class com/sun/tools/doclint/DocLint$2 done


Dynamic libraries:
0x000000013ffc0000 - 0x000000013ffc7000 	C:\Program Files\Java\jdk1.8.0_201\bin\javac.exe
0x0000000077b40000 - 0x0000000077ceb000 	C:\Windows\SYSTEM32\ntdll.dll
0x000007feecf60000 - 0x000007feecf73000 	C:\Program Files\AVAST Software\Avast\aswhook.dll
0x0000000077920000 - 0x0000000077a3f000 	C:\Windows\system32\kernel32.dll
0x000007fefdda0000 - 0x000007fefde0b000 	C:\Windows\system32\KERNELBASE.dll
0x000007feedd40000 - 0x000007feedd6f000 	C:\Program Files\Java\jdk1.8.0_201\bin\jli.dll
0x000007fefdfa0000 - 0x000007fefe07b000 	C:\Windows\system32\ADVAPI32.dll
0x000007feffc00000 - 0x000007feffc9f000 	C:\Windows\system32\msvcrt.dll
0x000007feffe30000 - 0x000007feffe4f000 	C:\Windows\SYSTEM32\sechost.dll
0x000007feff8c0000 - 0x000007feff9ee000 	C:\Windows\system32\RPCRT4.dll
0x000007fefc510000 - 0x000007fefc704000 	C:\Windows\WinSxS\amd64_microsoft.windows.common-controls_6595b64144ccf1df_6.0.7600.16385_none_fa645303170382f6\COMCTL32.dll
0x000007fefe590000 - 0x000007fefe5f7000 	C:\Windows\system32\GDI32.dll
0x0000000077a40000 - 0x0000000077b3a000 	C:\Windows\system32\USER32.dll
0x000007fefe130000 - 0x000007fefe13e000 	C:\Windows\system32\LPK.dll
0x000007feff7f0000 - 0x000007feff8ba000 	C:\Windows\system32\USP10.dll
0x000007feffdb0000 - 0x000007feffe21000 	C:\Windows\system32\SHLWAPI.dll
0x0000000074c30000 - 0x0000000074d01000 	C:\Program Files\Java\jdk1.8.0_201\bin\MSVCR100.dll
0x000007feff770000 - 0x000007feff79e000 	C:\Windows\system32\IMM32.DLL
0x000007feffca0000 - 0x000007feffda9000 	C:\Windows\system32\MSCTF.dll
0x000007fefda50000 - 0x000007fefda94000 	C:\Windows\system32\nvinitx.dll
0x00000000733c0000 - 0x0000000073491000 	C:\Program Files\Java\jdk1.8.0_201\jre\bin\msvcr100.dll
0x000000006dc00000 - 0x000000006e4a4000 	C:\Program Files\Java\jdk1.8.0_201\jre\bin\server\jvm.dll
0x000007fef9f90000 - 0x000007fef9f99000 	C:\Windows\system32\WSOCK32.dll
0x000007fefe540000 - 0x000007fefe58d000 	C:\Windows\system32\WS2_32.dll
0x000007fefe080000 - 0x000007fefe088000 	C:\Windows\system32\NSI.dll
0x000007fefafb0000 - 0x000007fefafeb000 	C:\Windows\system32\WINMM.dll
0x000007fefcba0000 - 0x000007fefcbac000 	C:\Windows\system32\VERSION.dll
0x0000000077d10000 - 0x0000000077d17000 	C:\Windows\system32\PSAPI.DLL
0x000007fefc210000 - 0x000007fefc21f000 	C:\Program Files\Java\jdk1.8.0_201\jre\bin\verify.dll
0x000007feef840000 - 0x000007feef869000 	C:\Program Files\Java\jdk1.8.0_201\jre\bin\java.dll
0x000007fefb890000 - 0x000007fefb8a6000 	C:\Program Files\Java\jdk1.8.0_201\jre\bin\zip.dll
0x000007fefe600000 - 0x000007feff386000 	C:\Windows\system32\SHELL32.dll
0x000007feff9f0000 - 0x000007feffbf1000 	C:\Windows\system32\ole32.dll
0x000007fefdaa0000 - 0x000007fefdaaf000 	C:\Windows\system32\profapi.dll

VM Arguments:
jvm_args: -Dapplication.home=C:\Program Files\Java\jdk1.8.0_201 -Xms8m 
java_command: com.sun.tools.javac.Main -d E:\POLINEMA\Semester 2\Algoritma Struktur Data\Algoritma 1\hello-git\hello-gitsatu\Algoritma-dan-Struktur-Data\Pertemuan 11\Percobaan\build\classes -classpath E:\POLINEMA\Semester 2\Algoritma Struktur Data\Algoritma 1\hello-git\hello-gitsatu\Algoritma-dan-Struktur-Data\Pertemuan 11\Percobaan\build\classes -sourcepath E:\POLINEMA\Semester 2\Algoritma Struktur Data\Algoritma 1\hello-git\hello-gitsatu\Algoritma-dan-Struktur-Data\Pertemuan 11\Percobaan\build\empty -target 1.8 -encoding UTF-8 -g -processorpath E:\POLINEMA\Semester 2\Algoritma Struktur Data\Algoritma 1\hello-git\hello-gitsatu\Algoritma-dan-Struktur-Data\Pertemuan 11\Percobaan\build\empty -s E:\POLINEMA\Semester 2\Algoritma Struktur Data\Algoritma 1\hello-git\hello-gitsatu\Algoritma-dan-Struktur-Data\Pertemuan 11\Percobaan\build\generated-sources\ap-source-output -source 1.8 E:\POLINEMA\Semester 2\Algoritma Struktur Data\Algoritma 1\hello-git\hello-gitsatu\Algoritma-dan-Struktur-Data\Pertemuan 11\Percobaan\src\Tugas1\LinkedListsMahasiswa.java
java_class_path (initial): C:\Program Files\Java\jdk1.8.0_201/lib/tools.jar;C:\Program Files\Java\jdk1.8.0_201/classes
Launcher Type: SUN_STANDARD

Environment Variables:
PATH=C:\Windows\system32;C:\Windows;SystemRoot%\System32\Wbem;C:\Program Files\Git\cmd;C:\Program Files\Microsoft VS Code\bin;C:\Program Files\Java\jdk1.8.0_201
USERNAME=Asus
OS=Windows_NT
PROCESSOR_IDENTIFIER=Intel64 Family 6 Model 42 Stepping 7, GenuineIntel



---------------  S Y S T E M  ---------------

OS: Windows 7 , 64 bit Build 7600 (6.1.7600.16385)

CPU:total 4 (initial active 4) (2 cores per cpu, 2 threads per core) family 6 model 42 stepping 7, cmov, cx8, fxsr, mmx, sse, sse2, sse3, ssse3, sse4.1, sse4.2, popcnt, clmul, ht, tsc, tscinvbit

Memory: 4k page, physical 1968764k(156556k free), swap 4089980k(72760k free)

vm_info: Java HotSpot(TM) 64-Bit Server VM (25.201-b09) for windows-amd64 JRE (1.8.0_201-b09), built on Dec 15 2018 18:36:39 by "java_re" with MS VC++ 10.0 (VS2010)

time: Wed Apr 22 19:08:07 2020
timezone: SE Asia Standard Time
elapsed time: 6 seconds (0d 0h 0m 6s)

