#
# There is insufficient memory for the Java Runtime Environment to continue.
# Native memory allocation (malloc) failed to allocate 1048576 bytes for AllocateHeap
# Possible reasons:
#   The system is out of physical RAM or swap space
#   The process is running with CompressedOops enabled, and the Java Heap may be blocking the growth of the native heap
# Possible solutions:
#   Reduce memory load on the system
#   Increase physical memory or swap space
#   Check if swap backing store is full
#   Decrease Java heap size (-Xmx/-Xms)
#   Decrease number of Java threads
#   Decrease Java thread stack sizes (-Xss)
#   Set larger code cache with -XX:ReservedCodeCacheSize=
#   JVM is running with Unscaled Compressed Oops mode in which the Java heap is
#     placed in the first 4GB address space. The Java Heap base address is the
#     maximum limit for the native heap growth. Please use -XX:HeapBaseMinAddress
#     to set the Java Heap base and to place the Java Heap above 4GB virtual address.
# This output file may be truncated or incomplete.
#
#  Out of Memory Error (memory/allocation.inline.hpp:61), pid=6748, tid=0x000000000000046c
#
# JRE version:  (8.0_201-b09) (build )
# Java VM: Java HotSpot(TM) 64-Bit Server VM (25.201-b09 mixed mode windows-amd64 compressed oops)
# Failed to write core dump. Minidumps are not enabled by default on client versions of Windows
#

---------------  T H R E A D  ---------------

Current thread (0x00000000003af000):  JavaThread "Unknown thread" [_thread_in_vm, id=1132, stack(0x0000000002570000,0x0000000002670000)]

Stack: [0x0000000002570000,0x0000000002670000]
[error occurred during error reporting (printing stack bounds), id 0xc0000005]

Native frames: (J=compiled Java code, j=interpreted, Vv=VM code, C=native code)


---------------  P R O C E S S  ---------------

Java Threads: ( => current thread )

Other Threads:

=>0x00000000003af000 (exited) JavaThread "Unknown thread" [_thread_in_vm, id=1132, stack(0x0000000002570000,0x0000000002670000)]

VM state:not at safepoint (normal execution)

VM Mutex/Monitor currently owned by a thread: None

heap address: 0x00000000e1e00000, size: 482 MB, Compressed Oops mode: 32-bit
Narrow klass base: 0x0000000000000000, Narrow klass shift: 0
Compressed class space size: 1073741824 Address: 0x000000007fff0000

Heap:
 PSYoungGen      total 2048K, used 30K [0x00000000f5f80000, 0x00000000f6200000, 0x0000000100000000)
  eden space 1536K, 2% used [0x00000000f5f80000,0x00000000f5f87af0,0x00000000f6100000)
  from space 512K, 0% used [0x00000000f6180000,0x00000000f6180000,0x00000000f6200000)
  to   space 512K, 0% used [0x00000000f6100000,0x00000000f6100000,0x00000000f6180000)
 ParOldGen       total 5632K, used 0K [0x00000000e1e00000, 0x00000000e2380000, 0x00000000f5f80000)
  object space 5632K, 0% used [0x00000000e1e00000,0x00000000e1e00000,0x00000000e2380000)
 Metaspace       used 775K, capacity 4480K, committed 4480K, reserved 1056768K
  class space    used 76K, capacity 384K, committed 384K, reserved 1048576K

Card table byte_map: [0x0000000002460000,0x0000000002560000] byte_map_base: 0x0000000001d51000

Marking Bits: (ParMarkBitMap*) 0x000000006e424ce0
 Begin Bits: [0x0000000012470000, 0x0000000012bf8000)
 End Bits:   [0x0000000012bf8000, 0x0000000013380000)

Polling page: 0x0000000000340000

CodeCache: size=245760Kb used=327Kb max_used=327Kb free=245432Kb
 bounds [0x0000000002940000, 0x0000000002bb0000, 0x0000000011940000]
 total_blobs=57 nmethods=0 adapters=38
 compilation: enabled

Compilation events (0 events):
No events

GC Heap History (0 events):
No events

Deoptimization events (0 events):
No events

Classes redefined (0 events):
No events

Internal exceptions (0 events):
No events

Events (10 events):
Event: 0.198 loading class java/lang/Short
Event: 0.199 loading class java/lang/Short done
Event: 0.199 loading class java/lang/Integer
Event: 0.199 loading class java/lang/Integer done
Event: 0.199 loading class java/lang/Long
Event: 0.199 loading class java/lang/Long done
Event: 0.201 loading class java/lang/NullPointerException
Event: 0.201 loading class java/lang/NullPointerException done
Event: 0.201 loading class java/lang/ArithmeticException
Event: 0.201 loading class java/lang/ArithmeticException done


Dynamic libraries:
0x000000013ffc0000 - 0x000000013ffc7000 	C:\Program Files\Java\jdk1.8.0_201\bin\javac.exe
0x0000000077b40000 - 0x0000000077ceb000 	C:\Windows\SYSTEM32\ntdll.dll
0x000007feecf60000 - 0x000007feecf73000 	C:\Program Files\AVAST Software\Avast\aswhook.dll
0x0000000077920000 - 0x0000000077a3f000 	C:\Windows\system32\kernel32.dll
0x000007fefdda0000 - 0x000007fefde0b000 	C:\Windows\system32\KERNELBASE.dll
0x000007feedd40000 - 0x000007feedd6f000 	C:\Program Files\Java\jdk1.8.0_201\bin\jli.dll
0x000007fefdfa0000 - 0x000007fefe07b000 	C:\Windows\system32\ADVAPI32.dll
0x000007feffc00000 - 0x000007feffc9f000 	C:\Windows\system32\msvcrt.dll
0x000007feffe30000 - 0x000007feffe4f000 	C:\Windows\SYSTEM32\sechost.dll
0x000007feff8c0000 - 0x000007feff9ee000 	C:\Windows\system32\RPCRT4.dll
0x000007fefc510000 - 0x000007fefc704000 	C:\Windows\WinSxS\amd64_microsoft.windows.common-controls_6595b64144ccf1df_6.0.7600.16385_none_fa645303170382f6\COMCTL32.dll
0x000007fefe590000 - 0x000007fefe5f7000 	C:\Windows\system32\GDI32.dll
0x0000000077a40000 - 0x0000000077b3a000 	C:\Windows\system32\USER32.dll
0x000007fefe130000 - 0x000007fefe13e000 	C:\Windows\system32\LPK.dll
0x000007feff7f0000 - 0x000007feff8ba000 	C:\Windows\system32\USP10.dll
0x000007feffdb0000 - 0x000007feffe21000 	C:\Windows\system32\SHLWAPI.dll
0x0000000074c30000 - 0x0000000074d01000 	C:\Program Files\Java\jdk1.8.0_201\bin\MSVCR100.dll
0x000007feff770000 - 0x000007feff79e000 	C:\Windows\system32\IMM32.DLL
0x000007feffca0000 - 0x000007feffda9000 	C:\Windows\system32\MSCTF.dll
0x000007fefda50000 - 0x000007fefda94000 	C:\Windows\system32\nvinitx.dll
0x00000000733c0000 - 0x0000000073491000 	C:\Program Files\Java\jdk1.8.0_201\jre\bin\msvcr100.dll
0x000000006dc00000 - 0x000000006e4a4000 	C:\Program Files\Java\jdk1.8.0_201\jre\bin\server\jvm.dll
0x000007fef9f90000 - 0x000007fef9f99000 	C:\Windows\system32\WSOCK32.dll
0x000007fefe540000 - 0x000007fefe58d000 	C:\Windows\system32\WS2_32.dll
0x000007fefe080000 - 0x000007fefe088000 	C:\Windows\system32\NSI.dll
0x000007fefafb0000 - 0x000007fefafeb000 	C:\Windows\system32\WINMM.dll
0x000007fefcba0000 - 0x000007fefcbac000 	C:\Windows\system32\VERSION.dll
0x0000000077d10000 - 0x0000000077d17000 	C:\Windows\system32\PSAPI.DLL
0x000007fefc210000 - 0x000007fefc21f000 	C:\Program Files\Java\jdk1.8.0_201\jre\bin\verify.dll
0x000007feef840000 - 0x000007feef869000 	C:\Program Files\Java\jdk1.8.0_201\jre\bin\java.dll
0x000007fefb890000 - 0x000007fefb8a6000 	C:\Program Files\Java\jdk1.8.0_201\jre\bin\zip.dll

VM Arguments:
jvm_args: -Dapplication.home=C:\Program Files\Java\jdk1.8.0_201 -Xms8m 
java_command: com.sun.tools.javac.Main -d E:\POLINEMA\Semester 2\Algoritma Struktur Data\Algoritma 1\hello-git\hello-gitsatu\Algoritma-dan-Struktur-Data\Pertemuan 11\Percobaan\build\classes -classpath E:\POLINEMA\Semester 2\Algoritma Struktur Data\Algoritma 1\hello-git\hello-gitsatu\Algoritma-dan-Struktur-Data\Pertemuan 11\Percobaan\build\classes -sourcepath E:\POLINEMA\Semester 2\Algoritma Struktur Data\Algoritma 1\hello-git\hello-gitsatu\Algoritma-dan-Struktur-Data\Pertemuan 11\Percobaan\build\empty -target 1.8 -encoding UTF-8 -g -processorpath E:\POLINEMA\Semester 2\Algoritma Struktur Data\Algoritma 1\hello-git\hello-gitsatu\Algoritma-dan-Struktur-Data\Pertemuan 11\Percobaan\build\empty -s E:\POLINEMA\Semester 2\Algoritma Struktur Data\Algoritma 1\hello-git\hello-gitsatu\Algoritma-dan-Struktur-Data\Pertemuan 11\Percobaan\build\generated-sources\ap-source-output -source 1.8 E:\POLINEMA\Semester 2\Algoritma Struktur Data\Algoritma 1\hello-git\hello-gitsatu\Algoritma-dan-Struktur-Data\Pertemuan 11\Percobaan\src\Tugas1\LinkedListsMahasiswa.java
java_class_path (initial): C:\Program Files\Java\jdk1.8.0_201/lib/tools.jar;C:\Program Files\Java\jdk1.8.0_201/classes
Launcher Type: SUN_STANDARD

Environment Variables:
PATH=C:\Windows\system32;C:\Windows;SystemRoot%\System32\Wbem;C:\Program Files\Git\cmd;C:\Program Files\Microsoft VS Code\bin;C:\Program Files\Java\jdk1.8.0_201
USERNAME=Asus
OS=Windows_NT
PROCESSOR_IDENTIFIER=Intel64 Family 6 Model 42 Stepping 7, GenuineIntel



---------------  S Y S T E M  ---------------

OS: Windows 7 , 64 bit Build 7600 (6.1.7600.16385)

CPU:total 4 (initial active 4) (2 cores per cpu, 2 threads per core) family 6 model 42 stepping 7, cmov, cx8, fxsr, mmx, sse, sse2, sse3, ssse3, sse4.1, sse4.2, popcnt, clmul, ht, tsc, tscinvbit

Memory: 4k page, physical 1968764k(152752k free), swap 4089980k(70140k free)

vm_info: Java HotSpot(TM) 64-Bit Server VM (25.201-b09) for windows-amd64 JRE (1.8.0_201-b09), built on Dec 15 2018 18:36:39 by "java_re" with MS VC++ 10.0 (VS2010)

time: Wed Apr 22 19:08:07 2020
timezone: SE Asia Standard Time
elapsed time: 3 seconds (0d 0h 0m 3s)

